<?xml version="1.0" encoding="UTF-8"?>
<!-- Generated by org.testng.reporters.JUnitReportReporter -->
<testsuite hostname="BINTERNS-QA15L" failures="0" tests="4" name="LoginPage__test.SauceLogin_test" time="27.236" errors="0" timestamp="2023-04-19T18:15:39 IST" skipped="0">
  <testcase classname="LoginPage__test.SauceLogin_test" name="test1" time="4.200"/>
  <system-out/>
  <testcase classname="LoginPage__test.SauceLogin_test" name="test2" time="7.839"/>
  <system-out/>
  <testcase classname="LoginPage__test.SauceLogin_test" name="test3" time="3.589"/>
  <system-out/>
  <testcase classname="LoginPage__test.SauceLogin_test" name="test4" time="11.608"/>
  <system-out/>
</testsuite> <!-- LoginPage__test.SauceLogin_test -->
