<?xml version="1.0" encoding="UTF-8"?>
<!-- Generated by org.testng.reporters.JUnitReportReporter -->
<testsuite hostname="BINTERNS-QA15L" failures="0" tests="10" name="LoginPage__test.HomePage_test" time="5.940" errors="0" timestamp="2023-03-29T19:25:44 IST" skipped="0">
  <testcase classname="LoginPage__test.HomePage_test" name="test1" time="0.599"/>
  <system-out/>
  <testcase classname="LoginPage__test.HomePage_test" name="test2" time="0.224"/>
  <system-out/>
  <testcase classname="LoginPage__test.HomePage_test" name="test3" time="0.097"/>
  <system-out/>
  <testcase classname="LoginPage__test.HomePage_test" name="test4" time="0.096"/>
  <system-out/>
  <testcase classname="LoginPage__test.HomePage_test" name="test6" time="0.112"/>
  <system-out/>
  <testcase classname="LoginPage__test.HomePage_test" name="test7" time="0.050"/>
  <system-out/>
  <testcase classname="LoginPage__test.HomePage_test" name="test8" time="0.036"/>
  <system-out/>
  <testcase classname="LoginPage__test.HomePage_test" name="test9" time="0.032"/>
  <system-out/>
  <testcase classname="LoginPage__test.HomePage_test" name="test10" time="0.026"/>
  <system-out/>
  <testcase classname="LoginPage__test.HomePage_test" name="test5" time="4.668"/>
  <system-out/>
</testsuite> <!-- LoginPage__test.HomePage_test -->
