<?xml version="1.0" encoding="UTF-8"?>
<!-- Generated by org.testng.reporters.JUnitReportReporter -->
<testsuite hostname="BINTERNS-QA15L" failures="0" tests="7" name="Project01.SauceLogin.MainClass" time="10.727" errors="0" timestamp="2023-03-29T11:01:01 IST" skipped="0">
  <testcase classname="Project01.SauceLogin.MainClass" name="page" time="9.302"/>
  <system-out/>
  <testcase classname="Project01.SauceLogin.MainClass" name="Test1" time="0.215"/>
  <system-out/>
  <testcase classname="Project01.SauceLogin.MainClass" name="Test2" time="0.472"/>
  <system-out/>
  <testcase classname="Project01.SauceLogin.MainClass" name="Test3" time="0.183"/>
  <system-out/>
  <testcase classname="Project01.SauceLogin.MainClass" name="Test4" time="0.170"/>
  <system-out/>
  <testcase classname="Project01.SauceLogin.MainClass" name="Test5" time="0.177"/>
  <system-out/>
  <testcase classname="Project01.SauceLogin.MainClass" name="Test6" time="0.208"/>
  <system-out/>
</testsuite> <!-- Project01.SauceLogin.MainClass -->
