<?xml version="1.0" encoding="UTF-8"?>
<!-- Generated by org.testng.reporters.JUnitReportReporter -->
<testsuite hostname="BINTERNS-QA15L" failures="0" tests="1" name="Task01.Task01" time="0.207" errors="0" timestamp="2023-03-30T10:50:13 IST" skipped="0">
  <testcase classname="Task01.Task01" name="test1" time="0.207"/>
  <system-out/>
</testsuite> <!-- Task01.Task01 -->
