<?xml version="1.0" encoding="UTF-8"?>
<!-- Generated by org.testng.reporters.JUnitReportReporter -->
<testsuite hostname="BINTERNS-QA15L" failures="0" tests="4" name="LoginPage__test.SauceLogin_test" time="10.475" errors="0" timestamp="2023-04-20T15:31:26 IST" skipped="0">
  <testcase classname="LoginPage__test.SauceLogin_test" name="test1" time="3.181"/>
  <system-out/>
  <testcase classname="LoginPage__test.SauceLogin_test" name="test2" time="2.111"/>
  <system-out/>
  <testcase classname="LoginPage__test.SauceLogin_test" name="test3" time="2.154"/>
  <system-out/>
  <testcase classname="LoginPage__test.SauceLogin_test" name="test4" time="3.029"/>
  <system-out/>
</testsuite> <!-- LoginPage__test.SauceLogin_test -->
